  shader.cpp
LINK : warning LNK4098: defaultlib 'LIBCMT' conflicts with use of other libs; use /NODEFAULTLIB:library
LINK : warning LNK4098: defaultlib 'MSVCRT' conflicts with use of other libs; use /NODEFAULTLIB:library
shader.obj : warning LNK4217: locally defined symbol _glewInit@0 imported in function "public: __thiscall Shader::Shader(char const *,char const *)" (??0Shader@@QAE@PBD0@Z)
shader.obj : warning LNK4049: locally defined symbol ___glewAttachShader imported
shader.obj : warning LNK4049: locally defined symbol ___glewCompileShader imported
shader.obj : warning LNK4049: locally defined symbol ___glewCreateProgram imported
shader.obj : warning LNK4049: locally defined symbol ___glewCreateShader imported
shader.obj : warning LNK4049: locally defined symbol ___glewDeleteShader imported
shader.obj : warning LNK4049: locally defined symbol ___glewGetProgramInfoLog imported
shader.obj : warning LNK4049: locally defined symbol ___glewGetProgramiv imported
shader.obj : warning LNK4049: locally defined symbol ___glewGetShaderInfoLog imported
shader.obj : warning LNK4049: locally defined symbol ___glewGetShaderiv imported
shader.obj : warning LNK4049: locally defined symbol ___glewGetUniformLocation imported
shader.obj : warning LNK4049: locally defined symbol ___glewLinkProgram imported
shader.obj : warning LNK4049: locally defined symbol ___glewShaderSource imported
shader.obj : warning LNK4049: locally defined symbol ___glewUniform1f imported
shader.obj : warning LNK4049: locally defined symbol ___glewUniform1i imported
shader.obj : warning LNK4049: locally defined symbol ___glewUseProgram imported
glew32s.lib(glew.obj) : warning LNK4099: PDB 'vc120.pdb' was not found with 'glew32s.lib(glew.obj)' or at 'C:\Users\Charlie.CHARLIE-SAN\Desktop\Code\OPENGLPROJECT\OpenGL-Project\Resources\AdvancedShaders\Debug\vc120.pdb'; linking object as if no debug info
  AdvancedShaders.vcxproj -> C:\Users\Charlie.CHARLIE-SAN\Desktop\Code\OPENGLPROJECT\OpenGL-Project\Resources\AdvancedShaders\Debug\AdvancedShaders.exe
